src/components/Layout.tsx(8,3): error TS6133: 'Menu' is declared but its value is never read.
src/components/Layout.tsx(13,3): error TS6133: 'ChevronRight' is declared but its value is never read.
src/components/Layout.tsx(22,23): error TS6133: 'setSidebarOpen' is declared but its value is never read.
src/pages/Dashboard.tsx(18,10): error TS6133: 'error' is declared but its value is never read.
src/pages/Submissions.tsx(4,87): error TS6133: 'ArrowLeft' is declared but its value is never read.
src/pages/VisitWorkflow.tsx(15,5): error TS6133: 'Send' is declared but its value is never read.
src/pages/VisitWorkflow.tsx(30,12): error TS6133: 'loading' is declared but its value is never read.
src/pages/VisitWorkflow.tsx(30,21): error TS6133: 'setLoading' is declared but its value is never read.
src/pages/VisitWorkflow.tsx(49,12): error TS6133: 'isSavingDraft' is declared but its value is never read.
src/pages/VisitWorkflow.tsx(151,63): error TS18046: 'pdfResult' is of type 'unknown'.
